{"level":"info","message":"App listening on url: http://localhost:8080","timestamp":"2020-11-05T10:58:46.354Z"}
{"level":"info","message":"Mongo Db Connected.....","timestamp":"2020-11-05T10:58:46.371Z"}
{"level":"info","message":"App listening on url: http://localhost:8080","timestamp":"2020-11-05T11:46:10.498Z"}
{"level":"info","message":"Mongo Db Connected.....","timestamp":"2020-11-05T11:46:10.515Z"}
{"message":"Joi.validate is not a function","stack":"TypeError: Joi.validate is not a function\n    at validateUser (E:\\channeldata\\programmings\\node-express-mongo-crud-authorization\\models\\user.js:40:16)\n    at addUser (E:\\channeldata\\programmings\\node-express-mongo-crud-authorization\\controllers\\userController.js:7:21)\n    at Layer.handle [as handle_request] (E:\\channeldata\\programmings\\node-express-mongo-crud-authorization\\node_modules\\express\\lib\\router\\layer.js:95:5)\n    at next (E:\\channeldata\\programmings\\node-express-mongo-crud-authorization\\node_modules\\express\\lib\\router\\route.js:137:13)\n    at Route.dispatch (E:\\channeldata\\programmings\\node-express-mongo-crud-authorization\\node_modules\\express\\lib\\router\\route.js:112:3)\n    at Layer.handle [as handle_request] (E:\\channeldata\\programmings\\node-express-mongo-crud-authorization\\node_modules\\express\\lib\\router\\layer.js:95:5)\n    at E:\\channeldata\\programmings\\node-express-mongo-crud-authorization\\node_modules\\express\\lib\\router\\index.js:281:22\n    at Function.process_params (E:\\channeldata\\programmings\\node-express-mongo-crud-authorization\\node_modules\\express\\lib\\router\\index.js:335:12)\n    at next (E:\\channeldata\\programmings\\node-express-mongo-crud-authorization\\node_modules\\express\\lib\\router\\index.js:275:10)\n    at Function.handle (E:\\channeldata\\programmings\\node-express-mongo-crud-authorization\\node_modules\\express\\lib\\router\\index.js:174:3)\n    at router (E:\\channeldata\\programmings\\node-express-mongo-crud-authorization\\node_modules\\express\\lib\\router\\index.js:47:12)\n    at newFn (E:\\channeldata\\programmings\\node-express-mongo-crud-authorization\\node_modules\\express-async-errors\\index.js:16:20)\n    at Layer.handle [as handle_request] (E:\\channeldata\\programmings\\node-express-mongo-crud-authorization\\node_modules\\express\\lib\\router\\layer.js:95:5)\n    at trim_prefix (E:\\channeldata\\programmings\\node-express-mongo-crud-authorization\\node_modules\\express\\lib\\router\\index.js:317:13)\n    at E:\\channeldata\\programmings\\node-express-mongo-crud-authorization\\node_modules\\express\\lib\\router\\index.js:284:7\n    at Function.process_params (E:\\channeldata\\programmings\\node-express-mongo-crud-authorization\\node_modules\\express\\lib\\router\\index.js:335:12)","level":"error","timestamp":"2020-11-05T11:46:27.173Z"}
{"level":"info","message":"App listening on url: http://localhost:8080","timestamp":"2020-11-05T11:48:58.430Z"}
{"level":"info","message":"Mongo Db Connected.....","timestamp":"2020-11-05T11:48:58.462Z"}
{"level":"info","message":"App listening on url: http://localhost:8080","timestamp":"2020-11-05T11:50:57.784Z"}
{"level":"info","message":"Mongo Db Connected.....","timestamp":"2020-11-05T11:50:57.804Z"}
{"message":"Assignment to constant variable.","stack":"TypeError: Assignment to constant variable.\n    at addUser (E:\\channeldata\\programmings\\node-express-mongo-crud-authorization\\controllers\\userController.js:13:11)\n    at processTicksAndRejections (internal/process/task_queues.js:97:5)\n    at runNextTicks (internal/process/task_queues.js:66:3)\n    at processImmediate (internal/timers.js:429:9)","level":"error","timestamp":"2020-11-05T11:51:03.997Z"}
{"level":"info","message":"App listening on url: http://localhost:8080","timestamp":"2020-11-05T11:52:01.909Z"}
{"level":"info","message":"Mongo Db Connected.....","timestamp":"2020-11-05T11:52:01.928Z"}
{"message":"User validation failed: name: Path `name` (`test`) is shorter than the minimum allowed length (5).","stack":"ValidationError: User validation failed: name: Path `name` (`test`) is shorter than the minimum allowed length (5).\n    at model.Document.invalidate (E:\\channeldata\\programmings\\node-express-mongo-crud-authorization\\node_modules\\mongoose\\lib\\document.js:2626:32)\n    at E:\\channeldata\\programmings\\node-express-mongo-crud-authorization\\node_modules\\mongoose\\lib\\document.js:2446:17\n    at E:\\channeldata\\programmings\\node-express-mongo-crud-authorization\\node_modules\\mongoose\\lib\\schematype.js:1225:9\n    at processTicksAndRejections (internal/process/task_queues.js:79:11)","errors":{"name":{"name":"ValidatorError","message":"Path `name` (`test`) is shorter than the minimum allowed length (5).","properties":{"message":"Path `name` (`test`) is shorter than the minimum allowed length (5).","type":"minlength","minlength":5,"path":"name","value":"test"},"kind":"minlength","path":"name","value":"test"}},"_message":"User validation failed","level":"error","timestamp":"2020-11-05T11:52:11.686Z"}
{"level":"info","message":"App listening on url: http://localhost:8080","timestamp":"2020-11-05T11:56:44.061Z"}
{"level":"info","message":"Mongo Db Connected.....","timestamp":"2020-11-05T11:56:44.079Z"}
{"message":"Cannot read property 'details' of null","stack":"TypeError: Cannot read property 'details' of null\n    at addUser (E:\\channeldata\\programmings\\node-express-mongo-crud-authorization\\controllers\\userController.js:8:50)\n    at Layer.handle [as handle_request] (E:\\channeldata\\programmings\\node-express-mongo-crud-authorization\\node_modules\\express\\lib\\router\\layer.js:95:5)\n    at next (E:\\channeldata\\programmings\\node-express-mongo-crud-authorization\\node_modules\\express\\lib\\router\\route.js:137:13)\n    at Route.dispatch (E:\\channeldata\\programmings\\node-express-mongo-crud-authorization\\node_modules\\express\\lib\\router\\route.js:112:3)\n    at Layer.handle [as handle_request] (E:\\channeldata\\programmings\\node-express-mongo-crud-authorization\\node_modules\\express\\lib\\router\\layer.js:95:5)\n    at E:\\channeldata\\programmings\\node-express-mongo-crud-authorization\\node_modules\\express\\lib\\router\\index.js:281:22\n    at Function.process_params (E:\\channeldata\\programmings\\node-express-mongo-crud-authorization\\node_modules\\express\\lib\\router\\index.js:335:12)\n    at next (E:\\channeldata\\programmings\\node-express-mongo-crud-authorization\\node_modules\\express\\lib\\router\\index.js:275:10)\n    at Function.handle (E:\\channeldata\\programmings\\node-express-mongo-crud-authorization\\node_modules\\express\\lib\\router\\index.js:174:3)\n    at router (E:\\channeldata\\programmings\\node-express-mongo-crud-authorization\\node_modules\\express\\lib\\router\\index.js:47:12)\n    at newFn (E:\\channeldata\\programmings\\node-express-mongo-crud-authorization\\node_modules\\express-async-errors\\index.js:16:20)\n    at Layer.handle [as handle_request] (E:\\channeldata\\programmings\\node-express-mongo-crud-authorization\\node_modules\\express\\lib\\router\\layer.js:95:5)\n    at trim_prefix (E:\\channeldata\\programmings\\node-express-mongo-crud-authorization\\node_modules\\express\\lib\\router\\index.js:317:13)\n    at E:\\channeldata\\programmings\\node-express-mongo-crud-authorization\\node_modules\\express\\lib\\router\\index.js:284:7\n    at Function.process_params (E:\\channeldata\\programmings\\node-express-mongo-crud-authorization\\node_modules\\express\\lib\\router\\index.js:335:12)\n    at next (E:\\channeldata\\programmings\\node-express-mongo-crud-authorization\\node_modules\\express\\lib\\router\\index.js:275:10)","level":"error","timestamp":"2020-11-05T11:58:21.609Z"}
{"level":"info","message":"App listening on url: http://localhost:8080","timestamp":"2020-11-05T12:02:29.773Z"}
{"level":"info","message":"Mongo Db Connected.....","timestamp":"2020-11-05T12:02:29.788Z"}
{"message":"Cannot read property 'details' of null","stack":"TypeError: Cannot read property 'details' of null\n    at addUser (E:\\channeldata\\programmings\\node-express-mongo-crud-authorization\\controllers\\userController.js:8:50)\n    at Layer.handle [as handle_request] (E:\\channeldata\\programmings\\node-express-mongo-crud-authorization\\node_modules\\express\\lib\\router\\layer.js:95:5)\n    at next (E:\\channeldata\\programmings\\node-express-mongo-crud-authorization\\node_modules\\express\\lib\\router\\route.js:137:13)\n    at Route.dispatch (E:\\channeldata\\programmings\\node-express-mongo-crud-authorization\\node_modules\\express\\lib\\router\\route.js:112:3)\n    at Layer.handle [as handle_request] (E:\\channeldata\\programmings\\node-express-mongo-crud-authorization\\node_modules\\express\\lib\\router\\layer.js:95:5)\n    at E:\\channeldata\\programmings\\node-express-mongo-crud-authorization\\node_modules\\express\\lib\\router\\index.js:281:22\n    at Function.process_params (E:\\channeldata\\programmings\\node-express-mongo-crud-authorization\\node_modules\\express\\lib\\router\\index.js:335:12)\n    at next (E:\\channeldata\\programmings\\node-express-mongo-crud-authorization\\node_modules\\express\\lib\\router\\index.js:275:10)\n    at Function.handle (E:\\channeldata\\programmings\\node-express-mongo-crud-authorization\\node_modules\\express\\lib\\router\\index.js:174:3)\n    at router (E:\\channeldata\\programmings\\node-express-mongo-crud-authorization\\node_modules\\express\\lib\\router\\index.js:47:12)\n    at newFn (E:\\channeldata\\programmings\\node-express-mongo-crud-authorization\\node_modules\\express-async-errors\\index.js:16:20)\n    at Layer.handle [as handle_request] (E:\\channeldata\\programmings\\node-express-mongo-crud-authorization\\node_modules\\express\\lib\\router\\layer.js:95:5)\n    at trim_prefix (E:\\channeldata\\programmings\\node-express-mongo-crud-authorization\\node_modules\\express\\lib\\router\\index.js:317:13)\n    at E:\\channeldata\\programmings\\node-express-mongo-crud-authorization\\node_modules\\express\\lib\\router\\index.js:284:7\n    at Function.process_params (E:\\channeldata\\programmings\\node-express-mongo-crud-authorization\\node_modules\\express\\lib\\router\\index.js:335:12)\n    at next (E:\\channeldata\\programmings\\node-express-mongo-crud-authorization\\node_modules\\express\\lib\\router\\index.js:275:10)","level":"error","timestamp":"2020-11-05T12:02:42.814Z"}
{"level":"info","message":"App listening on url: http://localhost:8080","timestamp":"2020-11-05T12:07:19.547Z"}
{"level":"info","message":"Mongo Db Connected.....","timestamp":"2020-11-05T12:07:19.563Z"}
{"level":"info","message":"App listening on url: http://localhost:8080","timestamp":"2020-11-05T12:07:21.934Z"}
{"level":"info","message":"Mongo Db Connected.....","timestamp":"2020-11-05T12:07:21.950Z"}
{"level":"info","message":"App listening on url: http://localhost:8080","timestamp":"2020-11-05T12:07:23.262Z"}
{"level":"info","message":"Mongo Db Connected.....","timestamp":"2020-11-05T12:07:23.285Z"}
{"level":"info","message":"App listening on url: http://localhost:8080","timestamp":"2020-11-05T12:08:03.750Z"}
{"level":"info","message":"Mongo Db Connected.....","timestamp":"2020-11-05T12:08:03.767Z"}
{"level":"info","message":"App listening on url: http://localhost:8080","timestamp":"2020-11-05T12:08:29.838Z"}
{"level":"info","message":"Mongo Db Connected.....","timestamp":"2020-11-05T12:08:29.857Z"}
{"message":"Cannot destructure property 'error' of 'validate(...)' as it is undefined.","stack":"TypeError: Cannot destructure property 'error' of 'validate(...)' as it is undefined.\n    at login (E:\\channeldata\\programmings\\node-express-mongo-crud-authorization\\controllers\\authController.js:7:12)\n    at Layer.handle [as handle_request] (E:\\channeldata\\programmings\\node-express-mongo-crud-authorization\\node_modules\\express\\lib\\router\\layer.js:95:5)\n    at next (E:\\channeldata\\programmings\\node-express-mongo-crud-authorization\\node_modules\\express\\lib\\router\\route.js:137:13)\n    at Route.dispatch (E:\\channeldata\\programmings\\node-express-mongo-crud-authorization\\node_modules\\express\\lib\\router\\route.js:112:3)\n    at Layer.handle [as handle_request] (E:\\channeldata\\programmings\\node-express-mongo-crud-authorization\\node_modules\\express\\lib\\router\\layer.js:95:5)\n    at E:\\channeldata\\programmings\\node-express-mongo-crud-authorization\\node_modules\\express\\lib\\router\\index.js:281:22\n    at Function.process_params (E:\\channeldata\\programmings\\node-express-mongo-crud-authorization\\node_modules\\express\\lib\\router\\index.js:335:12)\n    at next (E:\\channeldata\\programmings\\node-express-mongo-crud-authorization\\node_modules\\express\\lib\\router\\index.js:275:10)\n    at Function.handle (E:\\channeldata\\programmings\\node-express-mongo-crud-authorization\\node_modules\\express\\lib\\router\\index.js:174:3)\n    at router (E:\\channeldata\\programmings\\node-express-mongo-crud-authorization\\node_modules\\express\\lib\\router\\index.js:47:12)\n    at newFn (E:\\channeldata\\programmings\\node-express-mongo-crud-authorization\\node_modules\\express-async-errors\\index.js:16:20)\n    at Layer.handle [as handle_request] (E:\\channeldata\\programmings\\node-express-mongo-crud-authorization\\node_modules\\express\\lib\\router\\layer.js:95:5)\n    at trim_prefix (E:\\channeldata\\programmings\\node-express-mongo-crud-authorization\\node_modules\\express\\lib\\router\\index.js:317:13)\n    at E:\\channeldata\\programmings\\node-express-mongo-crud-authorization\\node_modules\\express\\lib\\router\\index.js:284:7\n    at Function.process_params (E:\\channeldata\\programmings\\node-express-mongo-crud-authorization\\node_modules\\express\\lib\\router\\index.js:335:12)\n    at next (E:\\channeldata\\programmings\\node-express-mongo-crud-authorization\\node_modules\\express\\lib\\router\\index.js:275:10)","level":"error","timestamp":"2020-11-05T12:10:31.380Z"}
{"level":"info","message":"App listening on url: http://localhost:8080","timestamp":"2020-11-05T12:11:45.542Z"}
{"level":"info","message":"Mongo Db Connected.....","timestamp":"2020-11-05T12:11:45.559Z"}
{"message":"data and hash arguments required","stack":"Error: data and hash arguments required\n    at Object.compare (E:\\channeldata\\programmings\\node-express-mongo-crud-authorization\\node_modules\\bcrypt\\bcrypt.js:208:17)\n    at E:\\channeldata\\programmings\\node-express-mongo-crud-authorization\\node_modules\\bcrypt\\promises.js:29:12\n    at new Promise (<anonymous>)\n    at Object.module.exports.promise (E:\\channeldata\\programmings\\node-express-mongo-crud-authorization\\node_modules\\bcrypt\\promises.js:20:12)\n    at Object.compare (E:\\channeldata\\programmings\\node-express-mongo-crud-authorization\\node_modules\\bcrypt\\bcrypt.js:204:25)\n    at login (E:\\channeldata\\programmings\\node-express-mongo-crud-authorization\\controllers\\authController.js:14:39)\n    at processTicksAndRejections (internal/process/task_queues.js:97:5)\n    at runNextTicks (internal/process/task_queues.js:66:3)\n    at processImmediate (internal/timers.js:429:9)","level":"error","timestamp":"2020-11-05T12:11:53.735Z"}
{"level":"info","message":"App listening on url: http://localhost:8080","timestamp":"2020-11-05T12:14:03.727Z"}
{"level":"info","message":"Mongo Db Connected.....","timestamp":"2020-11-05T12:14:03.744Z"}
{"level":"info","message":"App listening on url: http://localhost:8080","timestamp":"2020-11-05T12:41:40.118Z"}
{"level":"info","message":"Mongo Db Connected.....","timestamp":"2020-11-05T12:41:40.141Z"}
{"level":"info","message":"App listening on url: http://localhost:8080","timestamp":"2020-11-05T12:47:49.916Z"}
{"level":"info","message":"Mongo Db Connected.....","timestamp":"2020-11-05T12:47:49.936Z"}
{"level":"info","message":"App listening on url: http://localhost:8080","timestamp":"2020-11-05T12:49:30.685Z"}
{"level":"info","message":"Mongo Db Connected.....","timestamp":"2020-11-05T12:49:30.723Z"}
{"level":"info","message":"App listening on url: http://localhost:8080","timestamp":"2020-11-05T12:50:05.450Z"}
{"level":"info","message":"Mongo Db Connected.....","timestamp":"2020-11-05T12:50:05.470Z"}
{"level":"info","message":"App listening on url: http://localhost:8080","timestamp":"2020-11-05T12:50:08.896Z"}
{"level":"info","message":"Mongo Db Connected.....","timestamp":"2020-11-05T12:50:08.916Z"}
{"level":"info","message":"App listening on url: http://localhost:8080","timestamp":"2020-11-05T12:50:10.385Z"}
{"level":"info","message":"Mongo Db Connected.....","timestamp":"2020-11-05T12:50:10.416Z"}
{"level":"info","message":"App listening on url: http://localhost:8080","timestamp":"2020-11-05T12:50:14.710Z"}
{"level":"info","message":"Mongo Db Connected.....","timestamp":"2020-11-05T12:50:14.773Z"}
{"level":"info","message":"App listening on url: http://localhost:8080","timestamp":"2020-11-05T12:50:22.070Z"}
{"level":"info","message":"Mongo Db Connected.....","timestamp":"2020-11-05T12:50:22.089Z"}
{"level":"info","message":"App listening on url: http://localhost:8080","timestamp":"2020-11-05T12:50:25.764Z"}
{"level":"info","message":"Mongo Db Connected.....","timestamp":"2020-11-05T12:50:25.786Z"}
{"level":"info","message":"App listening on url: http://localhost:8080","timestamp":"2020-11-05T12:50:27.301Z"}
{"level":"info","message":"Mongo Db Connected.....","timestamp":"2020-11-05T12:50:27.321Z"}
{"level":"info","message":"App listening on url: http://localhost:8080","timestamp":"2020-11-05T12:50:30.184Z"}
{"level":"info","message":"Mongo Db Connected.....","timestamp":"2020-11-05T12:50:30.213Z"}
{"level":"info","message":"App listening on url: http://localhost:8080","timestamp":"2020-11-05T12:50:42.465Z"}
{"level":"info","message":"Mongo Db Connected.....","timestamp":"2020-11-05T12:50:42.486Z"}
{"level":"info","message":"App listening on url: http://localhost:8080","timestamp":"2020-11-05T12:50:44.890Z"}
{"level":"info","message":"Mongo Db Connected.....","timestamp":"2020-11-05T12:50:44.910Z"}
{"level":"info","message":"App listening on url: http://localhost:8080","timestamp":"2020-11-05T12:50:47.449Z"}
{"level":"info","message":"Mongo Db Connected.....","timestamp":"2020-11-05T12:50:47.472Z"}
{"level":"info","message":"App listening on url: http://localhost:8080","timestamp":"2020-11-05T12:50:52.424Z"}
{"level":"info","message":"Mongo Db Connected.....","timestamp":"2020-11-05T12:50:52.470Z"}
{"level":"info","message":"App listening on url: http://localhost:8080","timestamp":"2020-11-05T12:50:54.163Z"}
{"level":"info","message":"Mongo Db Connected.....","timestamp":"2020-11-05T12:50:54.191Z"}
{"level":"info","message":"App listening on url: http://localhost:8080","timestamp":"2020-11-05T12:50:55.207Z"}
{"level":"info","message":"Mongo Db Connected.....","timestamp":"2020-11-05T12:50:55.231Z"}
{"level":"info","message":"App listening on url: http://localhost:8080","timestamp":"2020-11-05T12:51:02.878Z"}
{"level":"info","message":"Mongo Db Connected.....","timestamp":"2020-11-05T12:51:02.905Z"}
{"level":"info","message":"App listening on url: http://localhost:8080","timestamp":"2020-11-05T12:51:09.629Z"}
{"level":"info","message":"Mongo Db Connected.....","timestamp":"2020-11-05T12:51:09.645Z"}
{"level":"info","message":"App listening on url: http://localhost:8080","timestamp":"2020-11-05T12:51:18.753Z"}
{"level":"info","message":"Mongo Db Connected.....","timestamp":"2020-11-05T12:51:18.775Z"}
{"level":"info","message":"App listening on url: http://localhost:8080","timestamp":"2020-11-05T12:51:20.221Z"}
{"level":"info","message":"Mongo Db Connected.....","timestamp":"2020-11-05T12:51:20.246Z"}
{"level":"info","message":"App listening on url: http://localhost:8080","timestamp":"2020-11-05T12:51:24.584Z"}
{"level":"info","message":"Mongo Db Connected.....","timestamp":"2020-11-05T12:51:24.619Z"}
{"level":"info","message":"App listening on url: http://localhost:8080","timestamp":"2020-11-05T12:51:28.000Z"}
{"level":"info","message":"Mongo Db Connected.....","timestamp":"2020-11-05T12:51:28.041Z"}
{"level":"info","message":"App listening on url: http://localhost:8080","timestamp":"2020-11-05T12:51:30.961Z"}
{"level":"info","message":"Mongo Db Connected.....","timestamp":"2020-11-05T12:51:30.980Z"}
{"level":"info","message":"App listening on url: http://localhost:8080","timestamp":"2020-11-05T12:51:32.099Z"}
{"level":"info","message":"Mongo Db Connected.....","timestamp":"2020-11-05T12:51:32.119Z"}
{"level":"info","message":"App listening on url: http://localhost:8080","timestamp":"2020-11-05T12:51:36.112Z"}
{"level":"info","message":"Mongo Db Connected.....","timestamp":"2020-11-05T12:51:36.129Z"}
{"level":"info","message":"App listening on url: http://localhost:8080","timestamp":"2020-11-05T12:51:39.445Z"}
{"level":"info","message":"Mongo Db Connected.....","timestamp":"2020-11-05T12:51:39.463Z"}
{"level":"info","message":"App listening on url: http://localhost:8080","timestamp":"2020-11-05T12:53:29.068Z"}
{"level":"info","message":"Mongo Db Connected.....","timestamp":"2020-11-05T12:53:29.086Z"}
{"level":"info","message":"App listening on url: http://localhost:8080","timestamp":"2020-11-05T12:53:40.234Z"}
{"level":"info","message":"Mongo Db Connected.....","timestamp":"2020-11-05T12:53:40.251Z"}
{"level":"info","message":"App listening on url: http://localhost:8080","timestamp":"2020-11-05T12:53:43.114Z"}
{"level":"info","message":"Mongo Db Connected.....","timestamp":"2020-11-05T12:53:43.141Z"}
{"level":"info","message":"App listening on url: http://localhost:8080","timestamp":"2020-11-05T12:53:49.692Z"}
{"level":"info","message":"Mongo Db Connected.....","timestamp":"2020-11-05T12:53:49.711Z"}
{"level":"info","message":"App listening on url: http://localhost:8080","timestamp":"2020-11-05T12:54:00.174Z"}
{"level":"info","message":"Mongo Db Connected.....","timestamp":"2020-11-05T12:54:00.190Z"}
{"level":"info","message":"App listening on url: http://localhost:8080","timestamp":"2020-11-05T12:54:16.126Z"}
{"level":"info","message":"Mongo Db Connected.....","timestamp":"2020-11-05T12:54:16.146Z"}
{"level":"info","message":"App listening on url: http://localhost:8080","timestamp":"2020-11-05T12:54:17.322Z"}
{"level":"info","message":"Mongo Db Connected.....","timestamp":"2020-11-05T12:54:17.341Z"}
{"level":"info","message":"App listening on url: http://localhost:8080","timestamp":"2020-11-05T12:54:18.871Z"}
{"level":"info","message":"Mongo Db Connected.....","timestamp":"2020-11-05T12:54:18.899Z"}
{"level":"info","message":"App listening on url: http://localhost:8080","timestamp":"2020-11-05T12:54:21.672Z"}
{"level":"info","message":"Mongo Db Connected.....","timestamp":"2020-11-05T12:54:21.691Z"}
{"level":"info","message":"App listening on url: http://localhost:8080","timestamp":"2020-11-05T12:54:27.047Z"}
{"level":"info","message":"Mongo Db Connected.....","timestamp":"2020-11-05T12:54:27.066Z"}
{"level":"info","message":"App listening on url: http://localhost:8080","timestamp":"2020-11-05T12:54:32.519Z"}
{"level":"info","message":"Mongo Db Connected.....","timestamp":"2020-11-05T12:54:32.536Z"}
{"level":"info","message":"App listening on url: http://localhost:8080","timestamp":"2020-11-05T12:54:40.323Z"}
{"level":"info","message":"Mongo Db Connected.....","timestamp":"2020-11-05T12:54:40.341Z"}
{"level":"info","message":"App listening on url: http://localhost:8080","timestamp":"2020-11-05T12:54:43.662Z"}
{"level":"info","message":"Mongo Db Connected.....","timestamp":"2020-11-05T12:54:43.687Z"}
{"level":"info","message":"App listening on url: http://localhost:8080","timestamp":"2020-11-05T12:54:46.044Z"}
{"level":"info","message":"Mongo Db Connected.....","timestamp":"2020-11-05T12:54:46.064Z"}
{"level":"info","message":"App listening on url: http://localhost:8080","timestamp":"2020-11-05T12:54:49.031Z"}
{"level":"info","message":"Mongo Db Connected.....","timestamp":"2020-11-05T12:54:49.051Z"}
{"level":"info","message":"App listening on url: http://localhost:8080","timestamp":"2020-11-05T12:54:54.864Z"}
{"level":"info","message":"Mongo Db Connected.....","timestamp":"2020-11-05T12:54:54.882Z"}
{"level":"info","message":"App listening on url: http://localhost:8080","timestamp":"2020-11-05T12:55:12.958Z"}
{"level":"info","message":"Mongo Db Connected.....","timestamp":"2020-11-05T12:55:12.982Z"}
{"level":"info","message":"App listening on url: http://localhost:8080","timestamp":"2020-11-05T12:55:27.518Z"}
{"level":"info","message":"Mongo Db Connected.....","timestamp":"2020-11-05T12:55:27.535Z"}
{"level":"info","message":"App listening on url: http://localhost:8080","timestamp":"2020-11-05T12:55:43.569Z"}
{"level":"info","message":"Mongo Db Connected.....","timestamp":"2020-11-05T12:55:43.591Z"}
{"level":"info","message":"App listening on url: http://localhost:8080","timestamp":"2020-11-05T12:55:46.793Z"}
{"level":"info","message":"Mongo Db Connected.....","timestamp":"2020-11-05T12:55:46.811Z"}
{"level":"info","message":"App listening on url: http://localhost:8080","timestamp":"2020-11-05T12:55:53.744Z"}
{"level":"info","message":"Mongo Db Connected.....","timestamp":"2020-11-05T12:55:53.768Z"}
{"level":"info","message":"App listening on url: http://localhost:8080","timestamp":"2020-11-05T12:55:54.775Z"}
{"level":"info","message":"Mongo Db Connected.....","timestamp":"2020-11-05T12:55:54.800Z"}
{"level":"info","message":"App listening on url: http://localhost:8080","timestamp":"2020-11-05T12:56:22.361Z"}
{"level":"info","message":"Mongo Db Connected.....","timestamp":"2020-11-05T12:56:22.381Z"}
{"level":"info","message":"App listening on url: http://localhost:8080","timestamp":"2020-11-05T12:56:28.398Z"}
{"level":"info","message":"Mongo Db Connected.....","timestamp":"2020-11-05T12:56:28.414Z"}
{"level":"info","message":"App listening on url: http://localhost:8080","timestamp":"2020-11-05T12:56:35.058Z"}
{"level":"info","message":"Mongo Db Connected.....","timestamp":"2020-11-05T12:56:35.103Z"}
{"level":"info","message":"App listening on url: http://localhost:8080","timestamp":"2020-11-05T12:56:38.691Z"}
{"level":"info","message":"Mongo Db Connected.....","timestamp":"2020-11-05T12:56:38.709Z"}
{"level":"info","message":"App listening on url: http://localhost:8080","timestamp":"2020-11-05T12:56:43.269Z"}
{"level":"info","message":"Mongo Db Connected.....","timestamp":"2020-11-05T12:56:43.289Z"}
{"level":"info","message":"App listening on url: http://localhost:8080","timestamp":"2020-11-05T12:56:48.977Z"}
{"level":"info","message":"Mongo Db Connected.....","timestamp":"2020-11-05T12:56:48.998Z"}
{"level":"info","message":"App listening on url: http://localhost:8080","timestamp":"2020-11-05T12:56:54.664Z"}
{"level":"info","message":"Mongo Db Connected.....","timestamp":"2020-11-05T12:56:54.692Z"}
{"level":"info","message":"App listening on url: http://localhost:8080","timestamp":"2020-11-05T12:57:03.580Z"}
{"level":"info","message":"Mongo Db Connected.....","timestamp":"2020-11-05T12:57:03.596Z"}
{"level":"info","message":"App listening on url: http://localhost:8080","timestamp":"2020-11-05T12:57:13.590Z"}
{"level":"info","message":"Mongo Db Connected.....","timestamp":"2020-11-05T12:57:13.619Z"}
{"level":"info","message":"App listening on url: http://localhost:8080","timestamp":"2020-11-05T12:57:16.606Z"}
{"level":"info","message":"Mongo Db Connected.....","timestamp":"2020-11-05T12:57:16.624Z"}
{"level":"info","message":"App listening on url: http://localhost:8080","timestamp":"2020-11-05T12:57:20.377Z"}
{"level":"info","message":"Mongo Db Connected.....","timestamp":"2020-11-05T12:57:20.418Z"}
{"level":"info","message":"App listening on url: http://localhost:8080","timestamp":"2020-11-05T12:57:26.261Z"}
{"level":"info","message":"Mongo Db Connected.....","timestamp":"2020-11-05T12:57:26.293Z"}
{"level":"info","message":"App listening on url: http://localhost:8080","timestamp":"2020-11-05T12:57:29.337Z"}
{"level":"info","message":"Mongo Db Connected.....","timestamp":"2020-11-05T12:57:29.360Z"}
{"level":"info","message":"App listening on url: http://localhost:8080","timestamp":"2020-11-05T12:57:33.702Z"}
{"level":"info","message":"Mongo Db Connected.....","timestamp":"2020-11-05T12:57:33.718Z"}
{"level":"info","message":"App listening on url: http://localhost:8080","timestamp":"2020-11-05T12:57:34.759Z"}
{"level":"info","message":"Mongo Db Connected.....","timestamp":"2020-11-05T12:57:34.786Z"}
{"level":"info","message":"App listening on url: http://localhost:8080","timestamp":"2020-11-05T12:57:37.898Z"}
{"level":"info","message":"Mongo Db Connected.....","timestamp":"2020-11-05T12:57:37.918Z"}
{"level":"info","message":"App listening on url: http://localhost:8080","timestamp":"2020-11-05T12:57:41.757Z"}
{"level":"info","message":"Mongo Db Connected.....","timestamp":"2020-11-05T12:57:41.775Z"}
{"level":"info","message":"App listening on url: http://localhost:8080","timestamp":"2020-11-05T12:59:20.150Z"}
{"level":"info","message":"Mongo Db Connected.....","timestamp":"2020-11-05T12:59:20.171Z"}
{"level":"info","message":"App listening on url: http://localhost:8080","timestamp":"2020-11-05T12:59:39.313Z"}
{"level":"info","message":"Mongo Db Connected.....","timestamp":"2020-11-05T12:59:39.331Z"}
{"level":"info","message":"App listening on url: http://localhost:8080","timestamp":"2020-11-05T12:59:56.133Z"}
{"level":"info","message":"Mongo Db Connected.....","timestamp":"2020-11-05T12:59:56.151Z"}
{"level":"info","message":"App listening on url: http://localhost:8080","timestamp":"2020-11-05T12:59:59.098Z"}
{"level":"info","message":"Mongo Db Connected.....","timestamp":"2020-11-05T12:59:59.118Z"}
{"level":"info","message":"App listening on url: http://localhost:8080","timestamp":"2020-11-05T13:00:02.550Z"}
{"level":"info","message":"Mongo Db Connected.....","timestamp":"2020-11-05T13:00:02.587Z"}
{"level":"info","message":"App listening on url: http://localhost:8080","timestamp":"2020-11-05T13:00:07.690Z"}
{"level":"info","message":"Mongo Db Connected.....","timestamp":"2020-11-05T13:00:07.726Z"}
{"level":"info","message":"App listening on url: http://localhost:8080","timestamp":"2020-11-05T13:00:08.937Z"}
{"level":"info","message":"Mongo Db Connected.....","timestamp":"2020-11-05T13:00:08.957Z"}
{"level":"info","message":"App listening on url: http://localhost:8080","timestamp":"2020-11-05T13:00:13.299Z"}
{"level":"info","message":"Mongo Db Connected.....","timestamp":"2020-11-05T13:00:13.323Z"}
{"level":"info","message":"App listening on url: http://localhost:8080","timestamp":"2020-11-05T13:00:15.933Z"}
{"level":"info","message":"Mongo Db Connected.....","timestamp":"2020-11-05T13:00:15.951Z"}
{"level":"info","message":"App listening on url: http://localhost:8080","timestamp":"2020-11-05T13:00:16.988Z"}
{"level":"info","message":"Mongo Db Connected.....","timestamp":"2020-11-05T13:00:17.006Z"}
{"level":"info","message":"App listening on url: http://localhost:8080","timestamp":"2020-11-05T13:00:26.115Z"}
{"level":"info","message":"Mongo Db Connected.....","timestamp":"2020-11-05T13:00:26.142Z"}
{"level":"info","message":"App listening on url: http://localhost:8080","timestamp":"2020-11-05T13:00:49.469Z"}
{"level":"info","message":"Mongo Db Connected.....","timestamp":"2020-11-05T13:00:49.491Z"}
{"level":"info","message":"App listening on url: http://localhost:8080","timestamp":"2020-11-05T13:00:52.058Z"}
{"level":"info","message":"Mongo Db Connected.....","timestamp":"2020-11-05T13:00:52.080Z"}
{"level":"info","message":"App listening on url: http://localhost:8080","timestamp":"2020-11-05T13:00:54.938Z"}
{"level":"info","message":"Mongo Db Connected.....","timestamp":"2020-11-05T13:00:54.955Z"}
{"level":"info","message":"App listening on url: http://localhost:8080","timestamp":"2020-11-05T13:01:05.048Z"}
{"level":"info","message":"Mongo Db Connected.....","timestamp":"2020-11-05T13:01:05.066Z"}
{"level":"info","message":"App listening on url: http://localhost:8080","timestamp":"2020-11-05T13:01:13.859Z"}
{"level":"info","message":"Mongo Db Connected.....","timestamp":"2020-11-05T13:01:13.879Z"}
{"level":"info","message":"App listening on url: http://localhost:8080","timestamp":"2020-11-05T13:01:21.380Z"}
{"level":"info","message":"Mongo Db Connected.....","timestamp":"2020-11-05T13:01:21.397Z"}
{"level":"info","message":"App listening on url: http://localhost:8080","timestamp":"2020-11-05T13:01:32.186Z"}
{"level":"info","message":"Mongo Db Connected.....","timestamp":"2020-11-05T13:01:32.203Z"}
{"level":"info","message":"App listening on url: http://localhost:8080","timestamp":"2020-11-05T13:01:39.053Z"}
{"level":"info","message":"Mongo Db Connected.....","timestamp":"2020-11-05T13:01:39.070Z"}
{"level":"info","message":"App listening on url: http://localhost:8080","timestamp":"2020-11-05T13:01:54.561Z"}
{"level":"info","message":"Mongo Db Connected.....","timestamp":"2020-11-05T13:01:54.613Z"}
{"level":"info","message":"App listening on url: http://localhost:8080","timestamp":"2020-11-05T13:02:00.742Z"}
{"level":"info","message":"Mongo Db Connected.....","timestamp":"2020-11-05T13:02:00.760Z"}
{"level":"info","message":"App listening on url: http://localhost:8080","timestamp":"2020-11-05T13:02:04.021Z"}
{"level":"info","message":"Mongo Db Connected.....","timestamp":"2020-11-05T13:02:04.039Z"}
{"level":"info","message":"App listening on url: http://localhost:8080","timestamp":"2020-11-05T13:02:05.215Z"}
{"level":"info","message":"Mongo Db Connected.....","timestamp":"2020-11-05T13:02:05.234Z"}
{"level":"info","message":"App listening on url: http://localhost:8080","timestamp":"2020-11-05T13:02:13.357Z"}
{"level":"info","message":"Mongo Db Connected.....","timestamp":"2020-11-05T13:02:13.379Z"}
{"level":"info","message":"App listening on url: http://localhost:8080","timestamp":"2020-11-06T09:48:40.643Z"}
{"level":"info","message":"Mongo Db Connected.....","timestamp":"2020-11-06T09:48:40.673Z"}
